0 verbose cli /usr/bin/node /usr/bin/npm
1 info using npm@9.2.0
2 info using node@v18.19.1
3 timing npm:load:whichnode Completed in 1ms
4 timing config:load:defaults Completed in 2ms
5 timing config:load:file:/usr/share/nodejs/npm/npmrc Completed in 5ms
6 timing config:load:builtin Completed in 6ms
7 timing config:load:cli Completed in 2ms
8 timing config:load:env Completed in 0ms
9 timing config:load:file:/home/chier/client/.npmrc Completed in 0ms
10 timing config:load:project Completed in 7ms
11 timing config:load:file:/home/chier/.npmrc Completed in 1ms
12 timing config:load:user Completed in 2ms
13 timing config:load:file:/etc/npmrc Completed in 1ms
14 timing config:load:global Completed in 1ms
15 timing config:load:setEnvs Completed in 1ms
16 timing config:load Completed in 22ms
17 timing npm:load:configload Completed in 22ms
18 timing npm:load:mkdirpcache Completed in 1ms
19 timing npm:load:mkdirplogs Completed in 1ms
20 verbose title npm install
21 verbose argv "install"
22 timing npm:load:setTitle Completed in 3ms
23 timing config:load:flatten Completed in 2ms
24 timing npm:load:display Completed in 3ms
25 verbose logfile logs-max:10 dir:/home/chier/.npm/_logs/2026-03-06T15_19_08_770Z-
26 verbose logfile /home/chier/.npm/_logs/2026-03-06T15_19_08_770Z-debug-0.log
27 timing npm:load:logFile Completed in 6ms
28 timing npm:load:timers Completed in 0ms
29 timing npm:load:configScope Completed in 0ms
30 timing npm:load Completed in 37ms
31 silly logfile done cleaning log files
32 timing config:load:flatten Completed in 0ms
33 timing arborist:ctor Completed in 1ms
34 timing idealTree:init Completed in 112ms
35 timing idealTree:userRequests Completed in 1ms
36 silly idealTree buildDeps
37 timing idealTree:#root Completed in 0ms
38 timing idealTree:buildDeps Completed in 0ms
39 timing idealTree:fixDepFlags Completed in 0ms
40 timing idealTree Completed in 115ms
41 verbose shrinkwrap failed to load node_modules/.package-lock.json out of date, updated: node_modules
42 timing reify:loadTrees Completed in 182ms
43 timing reify:diffTrees Completed in 3ms
44 silly reify moves {}
45 timing reify:retireShallow Completed in 1ms
46 timing reify:createSparse Completed in 9ms
47 timing reify:loadBundles Completed in 0ms
48 silly audit bulk request {
48 silly audit   '@alloc/quick-lru': [ '5.2.0' ],
48 silly audit   '@babel/code-frame': [ '7.29.0' ],
48 silly audit   '@babel/compat-data': [ '7.29.0' ],
48 silly audit   '@babel/core': [ '7.29.0' ],
48 silly audit   '@babel/generator': [ '7.29.1' ],
48 silly audit   '@babel/helper-compilation-targets': [ '7.28.6' ],
48 silly audit   '@babel/helper-globals': [ '7.28.0' ],
48 silly audit   '@babel/helper-module-imports': [ '7.28.6' ],
48 silly audit   '@babel/helper-module-transforms': [ '7.28.6' ],
48 silly audit   '@babel/helper-plugin-utils': [ '7.28.6' ],
48 silly audit   '@babel/helper-string-parser': [ '7.27.1' ],
48 silly audit   '@babel/helper-validator-identifier': [ '7.28.5' ],
48 silly audit   '@babel/helper-validator-option': [ '7.27.1' ],
48 silly audit   '@babel/helpers': [ '7.28.6' ],
48 silly audit   '@babel/parser': [ '7.29.0' ],
48 silly audit   '@babel/plugin-transform-react-jsx-self': [ '7.27.1' ],
48 silly audit   '@babel/plugin-transform-react-jsx-source': [ '7.27.1' ],
48 silly audit   '@babel/template': [ '7.28.6' ],
48 silly audit   '@babel/traverse': [ '7.29.0' ],
48 silly audit   '@babel/types': [ '7.29.0' ],
48 silly audit   '@esbuild/aix-ppc64': [ '0.21.5' ],
48 silly audit   '@esbuild/android-arm': [ '0.21.5' ],
48 silly audit   '@esbuild/android-arm64': [ '0.21.5' ],
48 silly audit   '@esbuild/android-x64': [ '0.21.5' ],
48 silly audit   '@esbuild/darwin-arm64': [ '0.21.5' ],
48 silly audit   '@esbuild/darwin-x64': [ '0.21.5' ],
48 silly audit   '@esbuild/freebsd-arm64': [ '0.21.5' ],
48 silly audit   '@esbuild/freebsd-x64': [ '0.21.5' ],
48 silly audit   '@esbuild/linux-arm': [ '0.21.5' ],
48 silly audit   '@esbuild/linux-arm64': [ '0.21.5' ],
48 silly audit   '@esbuild/linux-ia32': [ '0.21.5' ],
48 silly audit   '@esbuild/linux-loong64': [ '0.21.5' ],
48 silly audit   '@esbuild/linux-mips64el': [ '0.21.5' ],
48 silly audit   '@esbuild/linux-ppc64': [ '0.21.5' ],
48 silly audit   '@esbuild/linux-riscv64': [ '0.21.5' ],
48 silly audit   '@esbuild/linux-s390x': [ '0.21.5' ],
48 silly audit   '@esbuild/linux-x64': [ '0.21.5' ],
48 silly audit   '@esbuild/netbsd-x64': [ '0.21.5' ],
48 silly audit   '@esbuild/openbsd-x64': [ '0.21.5' ],
48 silly audit   '@esbuild/sunos-x64': [ '0.21.5' ],
48 silly audit   '@esbuild/win32-arm64': [ '0.21.5' ],
48 silly audit   '@esbuild/win32-ia32': [ '0.21.5' ],
48 silly audit   '@esbuild/win32-x64': [ '0.21.5' ],
48 silly audit   '@jridgewell/gen-mapping': [ '0.3.13' ],
48 silly audit   '@jridgewell/remapping': [ '2.3.5' ],
48 silly audit   '@jridgewell/resolve-uri': [ '3.1.2' ],
48 silly audit   '@jridgewell/sourcemap-codec': [ '1.5.5' ],
48 silly audit   '@jridgewell/trace-mapping': [ '0.3.31' ],
48 silly audit   '@nodelib/fs.scandir': [ '2.1.5' ],
48 silly audit   '@nodelib/fs.stat': [ '2.0.5' ],
48 silly audit   '@nodelib/fs.walk': [ '1.2.8' ],
48 silly audit   '@remix-run/router': [ '1.23.2' ],
48 silly audit   '@rolldown/pluginutils': [ '1.0.0-beta.27' ],
48 silly audit   '@rollup/rollup-android-arm-eabi': [ '4.59.0' ],
48 silly audit   '@rollup/rollup-android-arm64': [ '4.59.0' ],
48 silly audit   '@rollup/rollup-darwin-arm64': [ '4.59.0' ],
48 silly audit   '@rollup/rollup-darwin-x64': [ '4.59.0' ],
48 silly audit   '@rollup/rollup-freebsd-arm64': [ '4.59.0' ],
48 silly audit   '@rollup/rollup-freebsd-x64': [ '4.59.0' ],
48 silly audit   '@rollup/rollup-linux-arm-gnueabihf': [ '4.59.0' ],
48 silly audit   '@rollup/rollup-linux-arm-musleabihf': [ '4.59.0' ],
48 silly audit   '@rollup/rollup-linux-arm64-gnu': [ '4.59.0' ],
48 silly audit   '@rollup/rollup-linux-arm64-musl': [ '4.59.0' ],
48 silly audit   '@rollup/rollup-linux-loong64-gnu': [ '4.59.0' ],
48 silly audit   '@rollup/rollup-linux-loong64-musl': [ '4.59.0' ],
48 silly audit   '@rollup/rollup-linux-ppc64-gnu': [ '4.59.0' ],
48 silly audit   '@rollup/rollup-linux-ppc64-musl': [ '4.59.0' ],
48 silly audit   '@rollup/rollup-linux-riscv64-gnu': [ '4.59.0' ],
48 silly audit   '@rollup/rollup-linux-riscv64-musl': [ '4.59.0' ],
48 silly audit   '@rollup/rollup-linux-s390x-gnu': [ '4.59.0' ],
48 silly audit   '@rollup/rollup-linux-x64-gnu': [ '4.59.0' ],
48 silly audit   '@rollup/rollup-linux-x64-musl': [ '4.59.0' ],
48 silly audit   '@rollup/rollup-openbsd-x64': [ '4.59.0' ],
48 silly audit   '@rollup/rollup-openharmony-arm64': [ '4.59.0' ],
48 silly audit   '@rollup/rollup-win32-arm64-msvc': [ '4.59.0' ],
48 silly audit   '@rollup/rollup-win32-ia32-msvc': [ '4.59.0' ],
48 silly audit   '@rollup/rollup-win32-x64-gnu': [ '4.59.0' ],
48 silly audit   '@rollup/rollup-win32-x64-msvc': [ '4.59.0' ],
48 silly audit   '@socket.io/component-emitter': [ '3.1.2' ],
48 silly audit   '@types/babel__core': [ '7.20.5' ],
48 silly audit   '@types/babel__generator': [ '7.27.0' ],
48 silly audit   '@types/babel__template': [ '7.4.4' ],
48 silly audit   '@types/babel__traverse': [ '7.28.0' ],
48 silly audit   '@types/estree': [ '1.0.8' ],
48 silly audit   '@types/prop-types': [ '15.7.15' ],
48 silly audit   '@types/react': [ '18.3.28' ],
48 silly audit   '@types/react-dom': [ '18.3.7' ],
48 silly audit   '@vitejs/plugin-react': [ '4.7.0' ],
48 silly audit   'any-promise': [ '1.3.0' ],
48 silly audit   anymatch: [ '3.1.3' ],
48 silly audit   arg: [ '5.0.2' ],
48 silly audit   autoprefixer: [ '10.4.27' ],
48 silly audit   'baseline-browser-mapping': [ '2.10.0' ],
48 silly audit   'binary-extensions': [ '2.3.0' ],
48 silly audit   braces: [ '3.0.3' ],
48 silly audit   browserslist: [ '4.28.1' ],
48 silly audit   'camelcase-css': [ '2.0.1' ],
48 silly audit   'caniuse-lite': [ '1.0.30001777' ],
48 silly audit   chokidar: [ '3.6.0' ],
48 silly audit   'glob-parent': [ '5.1.2', '6.0.2' ],
48 silly audit   commander: [ '4.1.1' ],
48 silly audit   'convert-source-map': [ '2.0.0' ],
48 silly audit   cssesc: [ '3.0.0' ],
48 silly audit   csstype: [ '3.2.3' ],
48 silly audit   debug: [ '4.4.3' ],
48 silly audit   didyoumean: [ '1.2.2' ],
48 silly audit   dlv: [ '1.1.3' ],
48 silly audit   'electron-to-chromium': [ '1.5.307' ],
48 silly audit   'engine.io-client': [ '6.6.4' ],
48 silly audit   'engine.io-parser': [ '5.2.3' ],
48 silly audit   esbuild: [ '0.21.5' ],
48 silly audit   escalade: [ '3.2.0' ],
48 silly audit   'fast-glob': [ '3.3.3' ],
48 silly audit   fastq: [ '1.20.1' ],
48 silly audit   'fill-range': [ '7.1.1' ],
48 silly audit   'fraction.js': [ '5.3.4' ],
48 silly audit   fsevents: [ '2.3.3' ],
48 silly audit   'function-bind': [ '1.1.2' ],
48 silly audit   gensync: [ '1.0.0-beta.2' ],
48 silly audit   hasown: [ '2.0.2' ],
48 silly audit   'is-binary-path': [ '2.1.0' ],
48 silly audit   'is-core-module': [ '2.16.1' ],
48 silly audit   'is-extglob': [ '2.1.1' ],
48 silly audit   'is-glob': [ '4.0.3' ],
48 silly audit   'is-number': [ '7.0.0' ],
48 silly audit   jiti: [ '1.21.7' ],
48 silly audit   'js-tokens': [ '4.0.0' ],
48 silly audit   jsesc: [ '3.1.0' ],
48 silly audit   json5: [ '2.2.3' ],
48 silly audit   lilconfig: [ '3.1.3' ],
48 silly audit   'lines-and-columns': [ '1.2.4' ],
48 silly audit   'loose-envify': [ '1.4.0' ],
48 silly audit   'lru-cache': [ '5.1.1' ],
48 silly audit   merge2: [ '1.4.1' ],
48 silly audit   micromatch: [ '4.0.8' ],
48 silly audit   ms: [ '2.1.3' ],
48 silly audit   mz: [ '2.7.0' ],
48 silly audit   nanoid: [ '3.3.11' ],
48 silly audit   'node-releases': [ '2.0.36' ],
48 silly audit   'normalize-path': [ '3.0.0' ],
48 silly audit   'object-assign': [ '4.1.1' ],
48 silly audit   'object-hash': [ '3.0.0' ],
48 silly audit   'path-parse': [ '1.0.7' ],
48 silly audit   picocolors: [ '1.1.1' ],
48 silly audit   picomatch: [ '2.3.1', '4.0.3' ],
48 silly audit   pify: [ '2.3.0' ],
48 silly audit   pirates: [ '4.0.7' ],
48 silly audit   postcss: [ '8.5.8' ],
48 silly audit   'postcss-import': [ '15.1.0' ],
48 silly audit   'postcss-js': [ '4.1.0' ],
48 silly audit   'postcss-load-config': [ '6.0.1' ],
48 silly audit   'postcss-nested': [ '6.2.0' ],
48 silly audit   'postcss-selector-parser': [ '6.1.2' ],
48 silly audit   'postcss-value-parser': [ '4.2.0' ],
48 silly audit   'queue-microtask': [ '1.2.3' ],
48 silly audit   react: [ '18.3.1' ],
48 silly audit   'react-dom': [ '18.3.1' ],
48 silly audit   'react-refresh': [ '0.17.0' ],
48 silly audit   'react-router': [ '6.30.3' ],
48 silly audit   'react-router-dom': [ '6.30.3' ],
48 silly audit   'read-cache': [ '1.0.0' ],
48 silly audit   readdirp: [ '3.6.0' ],
48 silly audit   resolve: [ '1.22.11' ],
48 silly audit   reusify: [ '1.1.0' ],
48 silly audit   rollup: [ '4.59.0' ],
48 silly audit   'run-parallel': [ '1.2.0' ],
48 silly audit   scheduler: [ '0.23.2' ],
48 silly audit   semver: [ '6.3.1' ],
48 silly audit   'socket.io-client': [ '4.8.3' ],
48 silly audit   'socket.io-parser': [ '4.2.5' ],
48 silly audit   'source-map-js': [ '1.2.1' ],
48 silly audit   sucrase: [ '3.35.1' ],
48 silly audit   'supports-preserve-symlinks-flag': [ '1.0.0' ],
48 silly audit   tailwindcss: [ '3.4.19' ],
48 silly audit   thenify: [ '3.3.1' ],
48 silly audit   'thenify-all': [ '1.6.0' ],
48 silly audit   tinyglobby: [ '0.2.15' ],
48 silly audit   fdir: [ '6.5.0' ],
48 silly audit   'to-regex-range': [ '5.0.1' ],
48 silly audit   'ts-interface-checker': [ '0.1.13' ],
48 silly audit   'update-browserslist-db': [ '1.2.3' ],
48 silly audit   'util-deprecate': [ '1.0.2' ],
48 silly audit   vite: [ '5.4.21' ],
48 silly audit   ws: [ '8.18.3' ],
48 silly audit   'xmlhttprequest-ssl': [ '2.1.2' ],
48 silly audit   yallist: [ '3.1.1' ]
48 silly audit }
49 verbose reify failed optional dependency /home/chier/client/node_modules/fsevents
50 silly reify mark deleted [ '/home/chier/client/node_modules/fsevents' ]
51 verbose reify failed optional dependency /home/chier/client/node_modules/@rollup/rollup-win32-x64-msvc
52 silly reify mark deleted [ '/home/chier/client/node_modules/@rollup/rollup-win32-x64-msvc' ]
53 verbose reify failed optional dependency /home/chier/client/node_modules/@rollup/rollup-win32-x64-gnu
54 silly reify mark deleted [ '/home/chier/client/node_modules/@rollup/rollup-win32-x64-gnu' ]
55 verbose reify failed optional dependency /home/chier/client/node_modules/@rollup/rollup-win32-ia32-msvc
56 silly reify mark deleted [ '/home/chier/client/node_modules/@rollup/rollup-win32-ia32-msvc' ]
57 verbose reify failed optional dependency /home/chier/client/node_modules/@rollup/rollup-win32-arm64-msvc
58 silly reify mark deleted [ '/home/chier/client/node_modules/@rollup/rollup-win32-arm64-msvc' ]
59 verbose reify failed optional dependency /home/chier/client/node_modules/@rollup/rollup-openharmony-arm64
60 silly reify mark deleted [ '/home/chier/client/node_modules/@rollup/rollup-openharmony-arm64' ]
61 verbose reify failed optional dependency /home/chier/client/node_modules/@rollup/rollup-openbsd-x64
62 silly reify mark deleted [ '/home/chier/client/node_modules/@rollup/rollup-openbsd-x64' ]
63 verbose reify failed optional dependency /home/chier/client/node_modules/@rollup/rollup-linux-s390x-gnu
64 silly reify mark deleted [ '/home/chier/client/node_modules/@rollup/rollup-linux-s390x-gnu' ]
65 verbose reify failed optional dependency /home/chier/client/node_modules/@rollup/rollup-linux-riscv64-musl
66 silly reify mark deleted [ '/home/chier/client/node_modules/@rollup/rollup-linux-riscv64-musl' ]
67 verbose reify failed optional dependency /home/chier/client/node_modules/@rollup/rollup-linux-riscv64-gnu
68 silly reify mark deleted [ '/home/chier/client/node_modules/@rollup/rollup-linux-riscv64-gnu' ]
69 verbose reify failed optional dependency /home/chier/client/node_modules/@rollup/rollup-linux-ppc64-musl
70 silly reify mark deleted [ '/home/chier/client/node_modules/@rollup/rollup-linux-ppc64-musl' ]
71 verbose reify failed optional dependency /home/chier/client/node_modules/@rollup/rollup-linux-ppc64-gnu
72 silly reify mark deleted [ '/home/chier/client/node_modules/@rollup/rollup-linux-ppc64-gnu' ]
73 verbose reify failed optional dependency /home/chier/client/node_modules/@rollup/rollup-linux-loong64-musl
74 silly reify mark deleted [ '/home/chier/client/node_modules/@rollup/rollup-linux-loong64-musl' ]
75 verbose reify failed optional dependency /home/chier/client/node_modules/@rollup/rollup-linux-loong64-gnu
76 silly reify mark deleted [ '/home/chier/client/node_modules/@rollup/rollup-linux-loong64-gnu' ]
77 verbose reify failed optional dependency /home/chier/client/node_modules/@rollup/rollup-linux-arm64-musl
78 silly reify mark deleted [ '/home/chier/client/node_modules/@rollup/rollup-linux-arm64-musl' ]
79 verbose reify failed optional dependency /home/chier/client/node_modules/@rollup/rollup-linux-arm64-gnu
80 silly reify mark deleted [ '/home/chier/client/node_modules/@rollup/rollup-linux-arm64-gnu' ]
81 verbose reify failed optional dependency /home/chier/client/node_modules/@rollup/rollup-linux-arm-musleabihf
82 silly reify mark deleted [
82 silly reify   '/home/chier/client/node_modules/@rollup/rollup-linux-arm-musleabihf'
82 silly reify ]
83 verbose reify failed optional dependency /home/chier/client/node_modules/@rollup/rollup-linux-arm-gnueabihf
84 silly reify mark deleted [
84 silly reify   '/home/chier/client/node_modules/@rollup/rollup-linux-arm-gnueabihf'
84 silly reify ]
85 verbose reify failed optional dependency /home/chier/client/node_modules/@rollup/rollup-freebsd-x64
86 silly reify mark deleted [ '/home/chier/client/node_modules/@rollup/rollup-freebsd-x64' ]
87 verbose reify failed optional dependency /home/chier/client/node_modules/@rollup/rollup-freebsd-arm64
88 silly reify mark deleted [ '/home/chier/client/node_modules/@rollup/rollup-freebsd-arm64' ]
89 verbose reify failed optional dependency /home/chier/client/node_modules/@rollup/rollup-darwin-x64
90 silly reify mark deleted [ '/home/chier/client/node_modules/@rollup/rollup-darwin-x64' ]
91 verbose reify failed optional dependency /home/chier/client/node_modules/@rollup/rollup-darwin-arm64
92 silly reify mark deleted [ '/home/chier/client/node_modules/@rollup/rollup-darwin-arm64' ]
93 verbose reify failed optional dependency /home/chier/client/node_modules/@rollup/rollup-android-arm64
94 silly reify mark deleted [ '/home/chier/client/node_modules/@rollup/rollup-android-arm64' ]
95 verbose reify failed optional dependency /home/chier/client/node_modules/@rollup/rollup-android-arm-eabi
96 silly reify mark deleted [ '/home/chier/client/node_modules/@rollup/rollup-android-arm-eabi' ]
97 verbose reify failed optional dependency /home/chier/client/node_modules/@esbuild/win32-x64
98 silly reify mark deleted [ '/home/chier/client/node_modules/@esbuild/win32-x64' ]
99 verbose reify failed optional dependency /home/chier/client/node_modules/@esbuild/win32-ia32
100 silly reify mark deleted [ '/home/chier/client/node_modules/@esbuild/win32-ia32' ]
101 verbose reify failed optional dependency /home/chier/client/node_modules/@esbuild/win32-arm64
102 silly reify mark deleted [ '/home/chier/client/node_modules/@esbuild/win32-arm64' ]
103 verbose reify failed optional dependency /home/chier/client/node_modules/@esbuild/sunos-x64
104 silly reify mark deleted [ '/home/chier/client/node_modules/@esbuild/sunos-x64' ]
105 verbose reify failed optional dependency /home/chier/client/node_modules/@esbuild/openbsd-x64
106 silly reify mark deleted [ '/home/chier/client/node_modules/@esbuild/openbsd-x64' ]
107 verbose reify failed optional dependency /home/chier/client/node_modules/@esbuild/netbsd-x64
108 silly reify mark deleted [ '/home/chier/client/node_modules/@esbuild/netbsd-x64' ]
109 verbose reify failed optional dependency /home/chier/client/node_modules/@esbuild/linux-s390x
110 silly reify mark deleted [ '/home/chier/client/node_modules/@esbuild/linux-s390x' ]
111 verbose reify failed optional dependency /home/chier/client/node_modules/@esbuild/linux-riscv64
112 silly reify mark deleted [ '/home/chier/client/node_modules/@esbuild/linux-riscv64' ]
113 verbose reify failed optional dependency /home/chier/client/node_modules/@esbuild/linux-ppc64
114 silly reify mark deleted [ '/home/chier/client/node_modules/@esbuild/linux-ppc64' ]
115 verbose reify failed optional dependency /home/chier/client/node_modules/@esbuild/linux-mips64el
116 silly reify mark deleted [ '/home/chier/client/node_modules/@esbuild/linux-mips64el' ]
117 verbose reify failed optional dependency /home/chier/client/node_modules/@esbuild/linux-loong64
118 silly reify mark deleted [ '/home/chier/client/node_modules/@esbuild/linux-loong64' ]
119 verbose reify failed optional dependency /home/chier/client/node_modules/@esbuild/linux-ia32
120 silly reify mark deleted [ '/home/chier/client/node_modules/@esbuild/linux-ia32' ]
121 verbose reify failed optional dependency /home/chier/client/node_modules/@esbuild/linux-arm64
122 silly reify mark deleted [ '/home/chier/client/node_modules/@esbuild/linux-arm64' ]
123 verbose reify failed optional dependency /home/chier/client/node_modules/@esbuild/linux-arm
124 silly reify mark deleted [ '/home/chier/client/node_modules/@esbuild/linux-arm' ]
125 verbose reify failed optional dependency /home/chier/client/node_modules/@esbuild/freebsd-x64
126 silly reify mark deleted [ '/home/chier/client/node_modules/@esbuild/freebsd-x64' ]
127 verbose reify failed optional dependency /home/chier/client/node_modules/@esbuild/freebsd-arm64
128 silly reify mark deleted [ '/home/chier/client/node_modules/@esbuild/freebsd-arm64' ]
129 verbose reify failed optional dependency /home/chier/client/node_modules/@esbuild/darwin-x64
130 silly reify mark deleted [ '/home/chier/client/node_modules/@esbuild/darwin-x64' ]
131 verbose reify failed optional dependency /home/chier/client/node_modules/@esbuild/darwin-arm64
132 silly reify mark deleted [ '/home/chier/client/node_modules/@esbuild/darwin-arm64' ]
133 verbose reify failed optional dependency /home/chier/client/node_modules/@esbuild/android-x64
134 silly reify mark deleted [ '/home/chier/client/node_modules/@esbuild/android-x64' ]
135 verbose reify failed optional dependency /home/chier/client/node_modules/@esbuild/android-arm64
136 silly reify mark deleted [ '/home/chier/client/node_modules/@esbuild/android-arm64' ]
137 verbose reify failed optional dependency /home/chier/client/node_modules/@esbuild/android-arm
138 silly reify mark deleted [ '/home/chier/client/node_modules/@esbuild/android-arm' ]
139 verbose reify failed optional dependency /home/chier/client/node_modules/@esbuild/aix-ppc64
140 silly reify mark deleted [ '/home/chier/client/node_modules/@esbuild/aix-ppc64' ]
141 timing reifyNode:node_modules/fsevents Completed in 32ms
142 timing reifyNode:node_modules/@rollup/rollup-win32-x64-msvc Completed in 32ms
143 timing reifyNode:node_modules/@rollup/rollup-win32-x64-gnu Completed in 32ms
144 timing reifyNode:node_modules/@rollup/rollup-win32-ia32-msvc Completed in 32ms
145 timing reifyNode:node_modules/@rollup/rollup-win32-arm64-msvc Completed in 32ms
146 timing reifyNode:node_modules/@rollup/rollup-openharmony-arm64 Completed in 32ms
147 timing reifyNode:node_modules/@rollup/rollup-openbsd-x64 Completed in 32ms
148 timing reifyNode:node_modules/@rollup/rollup-linux-s390x-gnu Completed in 31ms
149 timing reifyNode:node_modules/@rollup/rollup-linux-riscv64-musl Completed in 31ms
150 timing reifyNode:node_modules/@rollup/rollup-linux-riscv64-gnu Completed in 31ms
151 timing reifyNode:node_modules/@rollup/rollup-linux-ppc64-musl Completed in 31ms
152 timing reifyNode:node_modules/@rollup/rollup-linux-ppc64-gnu Completed in 31ms
153 timing reifyNode:node_modules/@rollup/rollup-linux-loong64-musl Completed in 31ms
154 timing reifyNode:node_modules/@rollup/rollup-linux-loong64-gnu Completed in 31ms
155 timing reifyNode:node_modules/@rollup/rollup-linux-arm64-musl Completed in 31ms
156 timing reifyNode:node_modules/@rollup/rollup-linux-arm64-gnu Completed in 31ms
157 timing reifyNode:node_modules/@rollup/rollup-linux-arm-musleabihf Completed in 31ms
158 timing reifyNode:node_modules/@rollup/rollup-linux-arm-gnueabihf Completed in 31ms
159 timing reifyNode:node_modules/@rollup/rollup-freebsd-x64 Completed in 31ms
160 timing reifyNode:node_modules/@rollup/rollup-freebsd-arm64 Completed in 31ms
161 timing reifyNode:node_modules/@rollup/rollup-darwin-x64 Completed in 31ms
162 timing reifyNode:node_modules/@rollup/rollup-darwin-arm64 Completed in 31ms
163 timing reifyNode:node_modules/@rollup/rollup-android-arm64 Completed in 31ms
164 timing reifyNode:node_modules/@rollup/rollup-android-arm-eabi Completed in 31ms
165 timing reifyNode:node_modules/@esbuild/win32-x64 Completed in 31ms
166 timing reifyNode:node_modules/@esbuild/win32-ia32 Completed in 31ms
167 timing reifyNode:node_modules/@esbuild/win32-arm64 Completed in 31ms
168 timing reifyNode:node_modules/@esbuild/sunos-x64 Completed in 31ms
169 timing reifyNode:node_modules/@esbuild/openbsd-x64 Completed in 31ms
170 timing reifyNode:node_modules/@esbuild/netbsd-x64 Completed in 31ms
171 timing reifyNode:node_modules/@esbuild/linux-s390x Completed in 31ms
172 timing reifyNode:node_modules/@esbuild/linux-riscv64 Completed in 31ms
173 timing reifyNode:node_modules/@esbuild/linux-ppc64 Completed in 31ms
174 timing reifyNode:node_modules/@esbuild/linux-mips64el Completed in 31ms
175 timing reifyNode:node_modules/@esbuild/linux-loong64 Completed in 30ms
176 timing reifyNode:node_modules/@esbuild/linux-ia32 Completed in 30ms
177 timing reifyNode:node_modules/@esbuild/linux-arm64 Completed in 30ms
178 timing reifyNode:node_modules/@esbuild/linux-arm Completed in 30ms
179 timing reifyNode:node_modules/@esbuild/freebsd-x64 Completed in 30ms
180 timing reifyNode:node_modules/@esbuild/freebsd-arm64 Completed in 30ms
181 timing reifyNode:node_modules/@esbuild/darwin-x64 Completed in 30ms
182 timing reifyNode:node_modules/@esbuild/darwin-arm64 Completed in 30ms
183 timing reifyNode:node_modules/@esbuild/android-x64 Completed in 30ms
184 timing reifyNode:node_modules/@esbuild/android-arm64 Completed in 30ms
185 timing reifyNode:node_modules/@esbuild/android-arm Completed in 30ms
186 timing reifyNode:node_modules/@esbuild/aix-ppc64 Completed in 30ms
187 silly tarball no local data for @rollup/rollup-linux-x64-musl@https://registry.npmjs.org/@rollup/rollup-linux-x64-musl/-/rollup-linux-x64-musl-4.59.0.tgz. Extracting by manifest.
188 http fetch POST 200 https://registry.npmjs.org/-/npm/v1/security/advisories/bulk 433ms
189 timing auditReport:getReport Completed in 436ms
190 silly audit report {
190 silly audit report   esbuild: [
190 silly audit report     {
190 silly audit report       id: 1102341,
190 silly audit report       url: 'https://github.com/advisories/GHSA-67mh-4wv8-2f99',
190 silly audit report       title: 'esbuild enables any website to send any requests to the development server and read the response',
190 silly audit report       severity: 'moderate',
190 silly audit report       vulnerable_versions: '<=0.24.2',
190 silly audit report       cwe: [Array],
190 silly audit report       cvss: [Object]
190 silly audit report     }
190 silly audit report   ]
190 silly audit report }
191 timing metavuln:cache:get:security-advisory:esbuild:jKdCIzePj7J1488qgRXvF8Srh9wutSuR1exB8YooNX62hT+qhtrUXYbArLNoIhgwbaCqKpmduh18syZU7BR9SA== Completed in 4ms
192 http fetch GET 200 https://registry.npmjs.org/esbuild 18ms (cache hit)
193 timing metavuln:packument:esbuild Completed in 23ms
194 timing metavuln:load:security-advisory:esbuild:1102341 Completed in 3ms
195 timing metavuln:calculate:security-advisory:esbuild:1102341 Completed in 26ms
196 timing metavuln:cache:get:security-advisory:vite:tMBsdAS7JBTyRORp0YaJR984WAAsOxgmReSLBN0Nd41GhzEakjROICqAJ31iOdYG5Ijo/MlJ01p3ig1iN88+Tw== Completed in 7ms
197 http fetch GET 200 https://registry.npmjs.org/vite 14ms (cache hit)
198 timing metavuln:packument:vite Completed in 29ms
199 timing metavuln:load:security-advisory:vite:jKdCIzePj7J1488qgRXvF8Srh9wutSuR1exB8YooNX62hT+qhtrUXYbArLNoIhgwbaCqKpmduh18syZU7BR9SA== Completed in 5ms
200 timing metavuln:calculate:security-advisory:vite:jKdCIzePj7J1488qgRXvF8Srh9wutSuR1exB8YooNX62hT+qhtrUXYbArLNoIhgwbaCqKpmduh18syZU7BR9SA== Completed in 35ms
201 timing metavuln:cache:get:security-advisory:@vitejs/plugin-react:P4XDBxCt1M9jhU3wPSnbYo14hU9TEKKi3dRjV6pE6SGkUMgEqrUpLUvU/o4utnW6O2m8Mrkk3y+AtxEbBn/p0A== Completed in 8ms
202 http fetch GET 200 https://registry.npmjs.org/@vitejs%2fplugin-react 11ms (cache hit)
203 timing metavuln:packument:@vitejs/plugin-react Completed in 12ms
204 timing metavuln:load:security-advisory:@vitejs/plugin-react:tMBsdAS7JBTyRORp0YaJR984WAAsOxgmReSLBN0Nd41GhzEakjROICqAJ31iOdYG5Ijo/MlJ01p3ig1iN88+Tw== Completed in 0ms
205 timing metavuln:calculate:security-advisory:@vitejs/plugin-react:tMBsdAS7JBTyRORp0YaJR984WAAsOxgmReSLBN0Nd41GhzEakjROICqAJ31iOdYG5Ijo/MlJ01p3ig1iN88+Tw== Completed in 14ms
206 timing auditReport:init Completed in 106ms
207 timing reify:audit Completed in 544ms
208 http fetch GET 200 https://registry.npmjs.org/@rollup/rollup-linux-x64-musl/-/rollup-linux-x64-musl-4.59.0.tgz 619ms (cache miss)
209 timing reifyNode:node_modules/@rollup/rollup-linux-x64-musl Completed in 657ms
210 timing reify:unpack Completed in 659ms
211 timing reify:unretire Completed in 0ms
212 timing build:queue Completed in 2ms
213 timing build:deps Completed in 2ms
214 timing build Completed in 2ms
215 timing reify:build Completed in 2ms
216 timing reify:trash Completed in 3ms
217 timing reify:save Completed in 33ms
218 timing reify Completed in 927ms
219 silly ADD
220 silly ADD
221 silly ADD
222 silly ADD
223 silly ADD
224 silly ADD
225 silly ADD
226 silly ADD node_modules/@rollup/rollup-linux-x64-musl
227 silly ADD
228 silly ADD
229 silly ADD
230 silly ADD
231 silly ADD
232 silly ADD
233 silly ADD
234 silly ADD
235 silly ADD
236 silly ADD
237 silly ADD
238 silly ADD
239 silly ADD
240 silly ADD
241 silly ADD
242 silly ADD
243 silly ADD
244 silly ADD
245 silly ADD
246 silly ADD
247 silly ADD
248 silly ADD
249 silly ADD
250 silly ADD
251 silly ADD
252 silly ADD
253 silly ADD
254 silly ADD
255 silly ADD
256 silly ADD
257 silly ADD
258 silly ADD
259 silly ADD
260 silly ADD
261 silly ADD
262 silly ADD
263 silly ADD
264 silly ADD
265 silly ADD
266 timing command:install Completed in 953ms
267 verbose exit 0
268 timing npm Completed in 1006ms
269 info ok
